<?xml version="1.0" encoding="UTF-8"?>
<!-- Generated by org.testng.reporters.JUnitReportReporter -->
<testsuite hostname="LAPTOP-BDDMPMEF" failures="0" tests="3" name="com.libraryApi.DynamicJson" time="5.183" errors="0" timestamp="2022-01-07T21:55:00 IST" skipped="0">
  <testcase classname="com.libraryApi.DynamicJson" name="addBook" time="0.312"/>
  <system-out/>
  <testcase classname="com.libraryApi.DynamicJson" name="addBook" time="1.536"/>
  <system-out/>
  <testcase classname="com.libraryApi.DynamicJson" name="addBook" time="3.335"/>
  <system-out/>
</testsuite> <!-- com.libraryApi.DynamicJson -->
